(0000) 3000  0011000000000000 (   1)                 .ORIG x3000
(3000) 2038  0010000000111000 (   2)                 LD    R0 flag
(3001) 5B60  0101101101100000 (   3)                 AND   R5 R5 #0
(3002) 1B6F  0001101101101111 (   4)                 ADD   R5 R5 #15
(3003) 2236  0010001000110110 (   5) LODE            LD    R1 date
(3004) 54A0  0101010010100000 (   6)                 AND   R2 R2 #0
(3005) 1481  0001010010000001 (   7)                 ADD   R2 R2 R1
(3006) 14A1  0001010010100001 (   8)                 ADD   R2 R2 #1
(3007) 5DA0  0101110110100000 (   9)                 AND   R6 R6 #0
(3008) 1DAF  0001110110101111 (  10)                 ADD   R6 R6 #15
(3009) 6640  0110011001000000 (  11) SORT            LDR   R3 R1 #0
(300A) 6880  0110100010000000 (  12)                 LDR   R4 R2 #0
(300B) 993F  1001100100111111 (  13)                 NOT   R4 R4
(300C) 1921  0001100100100001 (  14)                 ADD   R4 R4 #1
(300D) 1EC4  0001111011000100 (  15)                 ADD   R7 R3 R4
(300E) 0602  0000011000000010 (  16)                 BRZP  COMPARE
(300F) 5260  0101001001100000 (  17)                 AND   R1 R1 #0
(3010) 1242  0001001001000010 (  18)                 ADD   R1 R1 R2
(3011) 14A1  0001010010100001 (  19) COMPARE         ADD   R2 R2 #1
(3012) 1DBF  0001110110111111 (  20)                 ADD   R6 R6 #-1
(3013) 07F5  0000011111110101 (  21)                 BRZP  SORT
(3014) 7600  0111011000000000 (  22)                 STR   R3 R0 #0
(3015) 1021  0001000000100001 (  23)                 ADD   R0 R0 #1
(3016) 5FE0  0101111111100000 (  24)                 AND   R7 R7 #0
(3017) 7E40  0111111001000000 (  25)                 STR   R7 R1 #0
(3018) 1B7F  0001101101111111 (  26)                 ADD   R5 R5 #-1
(3019) 07E9  0000011111101001 (  27)                 BRZP  LODE
(301A) 201E  0010000000011110 (  29)                 LD    R0 flag
(301B) 221F  0010001000011111 (  30)                 LD    R1 M1
(301C) 927F  1001001001111111 (  31)                 NOT   R1 R1
(301D) 1261  0001001001100001 (  32)                 ADD   R1 R1 #1
(301E) 241D  0010010000011101 (  33)                 LD    R2 M2
(301F) 94BF  1001010010111111 (  34)                 NOT   R2 R2
(3020) 14A1  0001010010100001 (  35)                 ADD   R2 R2 #1
(3021) 5920  0101100100100000 (  36)                 AND   R4 R4 #0
(3022) 5B60  0101101101100000 (  37)                 AND   R5 R5 #0
(3023) 5DA0  0101110110100000 (  38)                 AND   R6 R6 #0
(3024) 1DA7  0001110110100111 (  39)                 ADD   R6 R6 #7
(3025) 6E00  0110111000000000 (  40) GRADE           LDR   R7 R0 #0
(3026) 17C1  0001011111000001 (  41)                 ADD   R3 R7 R1
(3027) 0806  0000100000000110 (  42)                 BRN   A
(3028) 17BD  0001011110111101 (  43)                 ADD   R3 R6 #-3
(3029) 0C06  0000110000000110 (  44)                 BRNZ  R5_1
(302A) 1921  0001100100100001 (  45)                 ADD   R4 R4 #1
(302B) 1021  0001000000100001 (  46)                 ADD   R0 R0 #1
(302C) 1DBF  0001110110111111 (  47)                 ADD   R6 R6 #-1
(302D) 0FF7  0000111111110111 (  48)                 BRNZP GRADE
(302E) 1FC2  0001111111000010 (  50) A               ADD   R7 R7 R2
(302F) 0801  0000100000000001 (  51)                 BRN   B
(3030) 1B61  0001101101100001 (  53) R5_1            ADD   R5 R5 #1
(3031) 1021  0001000000100001 (  54) B               ADD   R0 R0 #1
(3032) 1DBF  0001110110111111 (  55)                 ADD   R6 R6 #-1
(3033) 07F1  0000011111110001 (  56)                 BRZP  GRADE
(3034) 2608  0010011000001000 (  57)                 LD    R3 grade
(3035) 78C0  0111100011000000 (  58)                 STR   R4 R3 #0
(3036) 16E1  0001011011100001 (  59)                 ADD   R3 R3 #1
(3037) 7AC0  0111101011000000 (  60)                 STR   R5 R3 #0
(3038) F025  1111000000100101 (  61)                 TRAP  x25
(3039) 4000  0100000000000000 (  62) flag            .FILL x4000
(303A) 3200  0011001000000000 (  63) date            .FILL x3200
(303B) 0055  0000000001010101 (  64) M1              .FILL x0055
(303C) 004B  0000000001001011 (  65) M2              .FILL x004B
(303D) 4100  0100000100000000 (  66) grade           .FILL x4100
